[debug] [2023-04-30T16:19:21.399Z] ----------------------------------------------------------------------
[debug] [2023-04-30T16:19:21.400Z] Command:       /usr/local/bin/node /usr/local/bin/firebase init hosting
[debug] [2023-04-30T16:19:21.400Z] CLI Version:   11.25.2
[debug] [2023-04-30T16:19:21.400Z] Platform:      darwin
[debug] [2023-04-30T16:19:21.400Z] Node Version:  v18.15.0
[debug] [2023-04-30T16:19:21.401Z] Time:          Sun Apr 30 2023 12:19:21 GMT-0400 (Eastern Daylight Time)
[debug] [2023-04-30T16:19:21.401Z] ----------------------------------------------------------------------
[debug] 
[debug] [2023-04-30T16:19:21.402Z] >>> [apiv2][query] GET https://firebase-public.firebaseio.com/cli.json [none]
[debug] [2023-04-30T16:19:21.422Z] > command requires scopes: ["email","openid","https://www.googleapis.com/auth/cloudplatformprojects.readonly","https://www.googleapis.com/auth/firebase","https://www.googleapis.com/auth/cloud-platform"]
[debug] [2023-04-30T16:19:21.422Z] > authorizing via signed-in user (briannaescobar6@gmail.com)
[info] 
     ######## #### ########  ######## ########     ###     ######  ########
     ##        ##  ##     ## ##       ##     ##  ##   ##  ##       ##
     ######    ##  ########  ######   ########  #########  ######  ######
     ##        ##  ##    ##  ##       ##     ## ##     ##       ## ##
     ##       #### ##     ## ######## ########  ##     ##  ######  ########

You're about to initialize a Firebase project in this directory:

  /Users/briannaescobar6/code/HW/my-react-counter-app/my-react-counter-app

[info] 
=== Project Setup
[info] 
[info] First, let's associate this project directory with a Firebase project.
[info] You can create multiple project aliases by running firebase use --add, 
[info] but for now we'll just set up a default project.
[info] 
[debug] [2023-04-30T16:19:21.625Z] <<< [apiv2][status] GET https://firebase-public.firebaseio.com/cli.json 200
[debug] [2023-04-30T16:19:21.625Z] <<< [apiv2][body] GET https://firebase-public.firebaseio.com/cli.json {"cloudBuildErrorAfter":1594252800000,"cloudBuildWarnAfter":1590019200000,"defaultNode10After":1594252800000,"minVersion":"3.0.5","node8DeploysDisabledAfter":1613390400000,"node8RuntimeDisabledAfter":1615809600000,"node8WarnAfter":1600128000000}
[info] i  If you want to create a project in a Google Cloud organization or folder, please use "firebase projects:create" instead, and return to this command when you've created the project. 
